<?xml version="1.0" encoding="UTF-8"?>
<coverage generated="1591814737513" clover="3.2.0">
  <project timestamp="1591814737513" name="All files">
    <metrics statements="12" coveredstatements="12" conditionals="5" coveredconditionals="5" methods="3" coveredmethods="3" elements="20" coveredelements="20" complexity="0" loc="12" ncloc="12" packages="1" files="1" classes="1"/>
    <file name="slugify.js" path="/Users/johnmerritt/Downloads/book-builder/MERN-stack-tutorial-v3/2-begin/server/utils/slugify.js">
      <metrics statements="12" coveredstatements="12" conditionals="5" coveredconditionals="5" methods="3" coveredmethods="3"/>
      <line num="1" count="1" type="stmt"/>
      <line num="5" count="3" type="stmt"/>
      <line num="8" count="3" type="stmt"/>
      <line num="10" count="3" type="cond" truecount="2" falsecount="0"/>
      <line num="11" count="2" type="stmt"/>
      <line num="14" count="1" type="stmt"/>
      <line num="18" count="3" type="stmt"/>
      <line num="20" count="3" type="stmt"/>
      <line num="25" count="3" type="cond" truecount="2" falsecount="0"/>
      <line num="26" count="1" type="stmt"/>
      <line num="29" count="2" type="stmt"/>
      <line num="32" count="1" type="stmt"/>
    </file>
  </project>
</coverage>
