{"/Users/johnmerritt/Downloads/book-builder/MERN-stack-tutorial-v3/2-begin/server/utils/slugify.js": {"path":"/Users/johnmerritt/Downloads/book-builder/MERN-stack-tutorial-v3/2-begin/server/utils/slugify.js","statementMap":{"0":{"start":{"line":1,"column":10},"end":{"line":1,"column":27}},"1":{"start":{"line":5,"column":16},"end":{"line":5,"column":43}},"2":{"start":{"line":5,"column":26},"end":{"line":5,"column":43}},"3":{"start":{"line":8,"column":15},"end":{"line":8,"column":70}},"4":{"start":{"line":10,"column":2},"end":{"line":12,"column":3}},"5":{"start":{"line":11,"column":4},"end":{"line":11,"column":30}},"6":{"start":{"line":14,"column":2},"end":{"line":14,"column":50}},"7":{"start":{"line":18,"column":19},"end":{"line":18,"column":32}},"8":{"start":{"line":20,"column":15},"end":{"line":23,"column":3}},"9":{"start":{"line":25,"column":2},"end":{"line":27,"column":3}},"10":{"start":{"line":26,"column":4},"end":{"line":26,"column":20}},"11":{"start":{"line":29,"column":2},"end":{"line":29,"column":46}},"12":{"start":{"line":32,"column":0},"end":{"line":32,"column":30}}},"fnMap":{"0":{"name":"(anonymous_0)","decl":{"start":{"line":5,"column":16},"end":{"line":5,"column":17}},"loc":{"start":{"line":5,"column":26},"end":{"line":5,"column":43}},"line":5},"1":{"name":"createUniqueSlug","decl":{"start":{"line":7,"column":15},"end":{"line":7,"column":31}},"loc":{"start":{"line":7,"column":52},"end":{"line":15,"column":1}},"line":7},"2":{"name":"generateSlug","decl":{"start":{"line":17,"column":15},"end":{"line":17,"column":27}},"loc":{"start":{"line":17,"column":54},"end":{"line":30,"column":1}},"line":17}},"branchMap":{"0":{"loc":{"start":{"line":10,"column":2},"end":{"line":12,"column":3}},"type":"if","locations":[{"start":{"line":10,"column":2},"end":{"line":12,"column":3}},{"start":{"line":10,"column":2},"end":{"line":12,"column":3}}],"line":10},"1":{"loc":{"start":{"line":17,"column":41},"end":{"line":17,"column":52}},"type":"default-arg","locations":[{"start":{"line":17,"column":50},"end":{"line":17,"column":52}}],"line":17},"2":{"loc":{"start":{"line":25,"column":2},"end":{"line":27,"column":3}},"type":"if","locations":[{"start":{"line":25,"column":2},"end":{"line":27,"column":3}},{"start":{"line":25,"column":2},"end":{"line":27,"column":3}}],"line":25}},"s":{"0":1,"1":1,"2":3,"3":3,"4":3,"5":2,"6":1,"7":3,"8":3,"9":3,"10":1,"11":2,"12":1},"f":{"0":3,"1":3,"2":3},"b":{"0":[2,1],"1":[3],"2":[1,2]},"_coverageSchema":"43e27e138ebf9cfc5966b082cf9a028302ed4184","hash":"d3ce8b91dfd3fa7a7a5b2d9697f9db8b7c954969"}
}
